{"/Users/ardaktileu/projects/react-pwa-typescript/src/components/Description/Description.tsx": {"path":"/Users/ardaktileu/projects/react-pwa-typescript/src/components/Description/Description.tsx","statementMap":{"0":{"start":{"line":2,"column":0},"end":{"line":2,"column":62}},"1":{"start":{"line":3,"column":12},"end":{"line":3,"column":28}},"2":{"start":{"line":4,"column":14},"end":{"line":4,"column":43}},"3":{"start":{"line":5,"column":11},"end":{"line":5,"column":51}},"4":{"start":{"line":6,"column":0},"end":{"line":14,"column":2}},"5":{"start":{"line":7,"column":4},"end":{"line":13,"column":74}}},"fnMap":{"0":{"name":"(anonymous_0)","decl":{"start":{"line":6,"column":22},"end":{"line":6,"column":23}},"loc":{"start":{"line":6,"column":39},"end":{"line":14,"column":1}},"line":6}},"branchMap":{},"s":{"0":1,"1":1,"2":1,"3":1,"4":1,"5":1},"f":{"0":1},"b":{},"_coverageSchema":"43e27e138ebf9cfc5966b082cf9a028302ed4184","hash":"40bdc7f4f58365a8438f4df629d0c830a64052cb"}
}
